2025-04-04 07:56:34.736661 - Received CBT.V508.FILE325.PDS from FILE325.XMI 
2025-04-04 07:56:34.737909 - Found $$$#DATE.txt (text/plain) in CBT.V508.FILE325.PDS, moved to PDS/$$$#DATE
2025-04-04 07:56:34.738091 - Found $CONTENT.txt (text/plain) in CBT.V508.FILE325.PDS, moved to PDS/$CONTENT
2025-04-04 07:56:34.738244 - Found $PRINTOF.txt (text/plain) in CBT.V508.FILE325.PDS, moved to PDS/$PRINTOF
2025-04-04 07:56:34.738374 - Found @FILE325.txt (text/plain) in CBT.V508.FILE325.PDS, moved to PDS/@FILE325
2025-04-04 07:56:34.738721 - Found DARTH.txt (text/plain) in CBT.V508.FILE325.PDS, moved to PDS/DARTH
2025-04-04 07:56:34.738852 - Found IEFUTL.txt (text/plain) in CBT.V508.FILE325.PDS, moved to PDS/IEFUTL
2025-04-04 07:56:34.739021 - Found INMXZ01.txt (text/plain) in CBT.V508.FILE325.PDS, moved to PDS/INMXZ01
2025-04-04 07:56:34.739165 - Found INMXZ02.txt (text/plain) in CBT.V508.FILE325.PDS, moved to PDS/INMXZ02
2025-04-04 07:56:34.739298 - Found JESLOGON.txt (text/plain) in CBT.V508.FILE325.PDS, moved to PDS/JESLOGON
2025-04-04 07:56:34.739423 - Found JESMAXCC.txt (text/plain) in CBT.V508.FILE325.PDS, moved to PDS/JESMAXCC
2025-04-04 07:56:34.739546 - Found MVSVARS.txt (text/plain) in CBT.V508.FILE325.PDS, moved to PDS/MVSVARS
2025-04-04 07:56:34.739663 - Found NOTE.txt (text/plain) in CBT.V508.FILE325.PDS, moved to PDS/NOTE
2025-04-04 07:56:34.739792 - Found NOTEHELP.txt (text/plain) in CBT.V508.FILE325.PDS, moved to PDS/NOTEHELP
2025-04-04 07:56:34.739933 - Found NOTEIMAC.txt (text/plain) in CBT.V508.FILE325.PDS, moved to PDS/NOTEIMAC
2025-04-04 07:56:34.740101 - Found OPCON.txt (text/plain) in CBT.V508.FILE325.PDS, moved to PDS/OPCON
2025-04-04 07:56:34.740246 - Found PRINTOF$.jcl (text/plain) in CBT.V508.FILE325.PDS, moved to PDS/PRINTOF$
2025-04-04 07:56:34.740412 - Found PRINTOFF.txt (text/plain) in CBT.V508.FILE325.PDS, moved to PDS/PRINTOFF
2025-04-04 07:56:34.740563 - Found PRINTOFX.jcl (text/plain) in CBT.V508.FILE325.PDS, moved to PDS/PRINTOFX
2025-04-04 07:56:34.740712 - Found PRINTOLD.txt (text/plain) in CBT.V508.FILE325.PDS, moved to PDS/PRINTOLD
2025-04-04 07:56:34.740839 - Found PROF$ZAP.jcl (text/plain) in CBT.V508.FILE325.PDS, moved to PDS/PROF$ZAP
2025-04-04 07:56:34.740961 - Found ROOM.txt (text/plain) in CBT.V508.FILE325.PDS, moved to PDS/ROOM
2025-04-04 07:56:34.741093 - Found VTAMCHK.txt (text/plain) in CBT.V508.FILE325.PDS, moved to PDS/VTAMCHK
2025-04-04 07:56:34.741256 - Found VTOCLIST.txt (text/plain) in CBT.V508.FILE325.PDS, moved to PDS/VTOCLIST
2025-04-04 07:56:34.741382 - Found WFBNOTE.txt (text/plain) in CBT.V508.FILE325.PDS, moved to PDS/WFBNOTE
